<?xml version="1.0" encoding="utf-8"?><testsuites name="pytest tests"><testsuite name="pytest" errors="0" failures="0" skipped="0" tests="117" time="28.112" timestamp="2026-07-29T18:42:10.861083+08:00" hostname="XiaotianYao"><testcase classname="tests.test_config_schema" name="test_bp_config_resolves_common_settings" time="0.011" /><testcase classname="tests.test_config_schema" name="test_hebbian_config_uses_same_forward_settings" time="0.021" /><testcase classname="tests.test_config_schema" name="test_phase0_v1_1_formal_configs_are_paired_and_frozen" time="0.021" /><testcase classname="tests.test_config_schema" name="test_phase0_v1_1_rejects_wrong_bp_learning_rate" time="0.011" /><testcase classname="tests.test_effective_rank_audit" name="test_axis_views_have_explicit_expected_shapes_and_order" time="0.002" /><testcase classname="tests.test_effective_rank_audit" name="test_z_channel_and_sample_views_are_identical_at_one_by_one" time="0.001" /><testcase classname="tests.test_effective_rank_audit" name="test_covariance_rank_uses_feature_axis_and_dataset_centering" time="0.004" /><testcase classname="tests.test_effective_rank_audit" name="test_dual_gram_spectrum_matches_feature_covariance_nonzero_spectrum" time="0.002" /><testcase classname="tests.test_effective_rank_audit" name="test_wta_centering_l2_and_class_centering_are_non_mutating" time="0.002" /><testcase classname="tests.test_effective_rank_audit" name="test_epsilon_audit_detects_non_dominant_and_dominant_cases" time="0.001" /><testcase classname="tests.test_effective_rank_audit" name="test_constant_l2_directions_have_numerical_zero_centered_variance" time="0.001" /><testcase classname="tests.test_freeze" name="test_linear_probe_step_does_not_change_encoder" time="0.033" /><testcase classname="tests.test_hebbian_followup_decision" name="test_relative_change_uses_baseline_magnitude_and_handles_zero" time="0.001" /><testcase classname="tests.test_hebbian_followup_decision" name="test_branch_a_has_priority_when_joint_gate_passes" time="0.001" /><testcase classname="tests.test_hebbian_followup_decision" name="test_failed_performance_health_and_direction_select_branch_d" time="0.001" /><testcase classname="tests.test_hebbian_followup_decision" name="test_test_log_reader_accepts_utf8_bom_and_utf16" time="0.019" /><testcase classname="tests.test_hebbian_update" name="test_competitive_oja_candidate_matches_hand_calculation_and_is_explicit" time="0.003" /><testcase classname="tests.test_hebbian_update" name="test_apply_local_update_normalizes_each_filter" time="0.001" /><testcase classname="tests.test_hebbian_update" name="test_zero_learning_rate_leaves_weights_bitwise_unchanged" time="0.001" /><testcase classname="tests.test_hebbian_update" name="test_500_local_updates_remain_finite_and_normalized" time="0.362" /><testcase classname="tests.test_hebbian_update" name="test_multistep_local_updates_are_reproducible" time="0.031" /><testcase classname="tests.test_hebbian_update" name="test_channel_rms_competition_breaks_scale_monopoly" time="0.002" /><testcase classname="tests.test_hebbian_update" name="test_channel_standardized_competition_is_deterministic_and_non_mutating" time="0.002" /><testcase classname="tests.test_hebbian_update" name="test_centered_local_patches_remove_constant_input_component" time="0.003" /><testcase classname="tests.test_hebbian_update" name="test_output_filter_centering_removes_identical_updates" time="0.001" /><testcase classname="tests.test_hebbian_update" name="test_output_filter_centering_preserves_filter_specific_residuals" time="0.001" /><testcase classname="tests.test_hebbian_update" name="test_output_filter_centered_update_has_zero_filter_mean" time="0.001" /><testcase classname="tests.test_hebbian_update" name="test_zero_output_filter_update_stays_finite_and_zero" time="0.001" /><testcase classname="tests.test_hebbian_update" name="test_output_filter_centered_compute_is_non_mutating_and_centers_axis_zero" time="0.003" /><testcase classname="tests.test_hebbian_update" name="test_competition_collapse_detector_covers_balanced_and_collapsed_cases" time="0.001" /><testcase classname="tests.test_hebbian_update" name="test_greedy_epoch_changes_only_active_layer" time="0.033" /><testcase classname="tests.test_hybrid_depth_ablation" name="test_four_preregistered_methods_share_initialization_and_frozen_values" time="0.115" /><testcase classname="tests.test_hybrid_depth_ablation" name="test_hhb_bp_parameter_group_contains_only_enc3_and_decoder" time="0.027" /><testcase classname="tests.test_hybrid_depth_ablation" name="test_hybrid_rejects_any_test_loader" time="0.119" /><testcase classname="tests.test_hybrid_depth_ablation" name="test_hhb_resume_is_exact_and_frozen_layers_do_not_change" time="1.504" /><testcase classname="tests.test_hybrid_hhb_confirmation" name="test_protocol_is_exactly_two_seeds_and_three_methods" time="0.004" /><testcase classname="tests.test_hybrid_hhb_confirmation" name="test_confirmation_configs_are_frozen_and_paired" time="0.183" /><testcase classname="tests.test_hybrid_hhb_confirmation" name="test_stage2d_hybrid_training_accepts_confirmation_seed" time="0.675" /><testcase classname="tests.test_hybrid_hhb_confirmation" name="test_standardized_decoder_rejects_test_loader" time="0.039" /><testcase classname="tests.test_hybrid_hhb_confirmation" name="test_standardized_decoder_resume_is_exact_and_encoder_stays_frozen" time="2.496" /><testcase classname="tests.test_hybrid_hhb_confirmation" name="test_confirmation_gate_passes_and_fails_only_frozen_checks" time="0.001" /><testcase classname="tests.test_no_label_leakage" name="test_representation_train_batch_accepts_images_only" time="0.001" /><testcase classname="tests.test_no_label_leakage" name="test_labels_are_not_used_by_representation_batch_adapter" time="0.001" /><testcase classname="tests.test_no_label_leakage" name="test_target_clamping_is_disabled_for_both_rules" time="0.021" /><testcase classname="tests.test_q1_clean" name="test_q1_manifest_uses_five_paired_seeds_and_shared_model" time="0.035" /><testcase classname="tests.test_q1_clean" name="test_curve_summary_reports_aligned_aulc_and_threshold" time="0.001" /><testcase classname="tests.test_q1_clean" name="test_paired_bootstrap_is_reproducible_and_bounded" time="0.002" /><testcase classname="tests.test_q1_clean" name="test_stop_after_seed_pauses_before_later_seeds" time="0.038" /><testcase classname="tests.test_random_encoder_decoder" name="test_random_encoder_is_frozen_and_decoder_only_run_resumes_exactly" time="1.464" /><testcase classname="tests.test_reconstruction_sanity" name="test_stratified_selection_is_deterministic_and_balanced" time="0.003" /><testcase classname="tests.test_reconstruction_sanity" name="test_evaluation_is_inference_only_and_detects_nonconstant_output" time="0.003" /><testcase classname="tests.test_reconstruction_sanity" name="test_evaluation_flags_constant_reconstruction" time="0.002" /><testcase classname="tests.test_reconstruction_sanity" name="test_config_comparison_rejects_model_mismatch" time="0.000" /><testcase classname="tests.test_representation_health" name="test_balanced_validation_manifest_is_deterministic_and_class_balanced" time="0.001" /><testcase classname="tests.test_representation_health" name="test_expected_topk_sparsity_is_not_mistaken_for_winner_collapse" time="0.003" /><testcase classname="tests.test_representation_health" name="test_fixed_winners_fail_coverage_entropy_and_rank_despite_correct_density" time="0.001" /><testcase classname="tests.test_representation_health" name="test_health_metrics_are_bitwise_deterministic_and_do_not_mutate_input" time="0.002" /><testcase classname="tests.test_reproducibility" name="test_paired_seed_produces_identical_initial_state" time="0.020" /><testcase classname="tests.test_reproducibility" name="test_different_seeds_produce_different_initial_state" time="0.019" /><testcase classname="tests.test_shapes" name="test_phase0_shapes_and_ranges" time="0.015" /><testcase classname="tests.test_shapes" name="test_parameter_counts_match_standard" time="0.011" /><testcase classname="tests.test_splits" name="test_stratified_split_is_reproducible_and_disjoint" time="0.002" /><testcase classname="tests.test_splits" name="test_train_validation_loaders_do_not_construct_test_dataset" time="0.106" /><testcase classname="tests.test_stage1b" name="test_stage1b_manifest_freezes_four_unique_equal_budget_candidates" time="0.017" /><testcase classname="tests.test_stage1b" name="test_stage1b_v2_freezes_centered_candidates_and_two_learning_rates" time="0.013" /><testcase classname="tests.test_stage1b" name="test_output_filter_centering_manifest_freezes_exactly_one_candidate" time="0.012" /><testcase classname="tests.test_stage1b" name="test_stage1b_selection_requires_health_and_accuracy_then_maximizes_accuracy" time="0.001" /><testcase classname="tests.test_stage3_formal_core" name="test_stage3_protocol_freezes_matrix_and_candidate_semantics" time="0.004" /><testcase classname="tests.test_stage3_formal_core" name="test_stage3_resolved_configs_are_formal_paired_and_rule_exact" time="0.294" /><testcase classname="tests.test_stage3_formal_core" name="test_stage3_seed_and_bp_lr_cannot_drift" time="0.014" /><testcase classname="tests.test_stage3_formal_core" name="test_stage3_hybrid_training_accepts_formal_seed_and_rejects_test_loader" time="0.763" /><testcase classname="tests.test_stage3_formal_core" name="test_full_random_uses_unmodified_encoder_and_trained_decoder" time="0.653" /><testcase classname="tests.test_stage3_formal_core" name="test_stage3_freeze_gate_rejects_nonfinite_csv_metrics" time="0.009" /><testcase classname="tests.test_stage3_matched_controls" name="test_matched_protocol_freezes_methods_seeds_and_test_boundary" time="0.004" /><testcase classname="tests.test_stage3_matched_controls" name="test_matched_configs_have_exact_allocations_and_frozen_bp_lr" time="0.192" /><testcase classname="tests.test_stage3_matched_controls" name="test_matched_controls_are_random_prefix_not_full_random" time="0.000" /><testcase classname="tests.test_stage3_q1_analysis" name="test_paired_effect_uses_seed_level_differences" time="0.001" /><testcase classname="tests.test_stage3_q1_analysis" name="test_paired_effect_zero_difference_has_zero_effect" time="0.001" /><testcase classname="tests.test_stage3_q1_analysis" name="test_bootstrap_is_deterministic" time="0.001" /><testcase classname="tests.test_stage3_q1_analysis" name="test_reconstruction_curve_uses_validation_nonblank_rows" time="0.017" /><testcase classname="tests.test_stage3_q1_analysis" name="test_probe_curve_excludes_final_selection_row" time="0.005" /><testcase classname="tests.test_stage3_q2_representation" name="test_balanced_subset_is_deterministic_and_balanced" time="0.001" /><testcase classname="tests.test_stage3_q2_representation" name="test_subset_validation_rejects_duplicates" time="0.001" /><testcase classname="tests.test_stage3_q2_representation" name="test_linear_cka_identity_and_orthogonal_invariance" time="0.002" /><testcase classname="tests.test_stage3_q2_representation" name="test_cross_validated_predictions_cover_each_sample_once" time="0.041" /><testcase classname="tests.test_stage3_q2_representation" name="test_representation_metrics_use_explicit_channel_and_sample_axes" time="0.112" /><testcase classname="tests.test_stage3_q2_representation" name="test_compensation_is_computed_within_seed_and_method" time="0.000" /><testcase classname="tests.test_stage3_q2_representation" name="test_smooth_knn_and_fuzzy_graph_are_finite_and_symmetric" time="0.004" /><testcase classname="tests.test_stage3_q2_representation" name="test_internal_umap_is_deterministic" time="0.016" /><testcase classname="tests.test_stage3_q3_noise" name="test_same_noise_key_is_bitwise_deterministic_and_bounded[gaussian]" time="0.001" /><testcase classname="tests.test_stage3_q3_noise" name="test_same_noise_key_is_bitwise_deterministic_and_bounded[salt_pepper]" time="0.001" /><testcase classname="tests.test_stage3_q3_noise" name="test_same_noise_key_is_bitwise_deterministic_and_bounded[pixel_masking]" time="0.001" /><testcase classname="tests.test_stage3_q3_noise" name="test_noise_is_sample_id_keyed_and_order_invariant" time="0.001" /><testcase classname="tests.test_stage3_q3_noise" name="test_zero_severity_is_exact_and_nonmutating" time="0.000" /><testcase classname="tests.test_stage3_q3_noise" name="test_noise_types_have_expected_extreme_behavior" time="0.001" /><testcase classname="tests.test_stage3_q3_noise" name="test_representation_cosine_and_js_have_known_boundaries" time="0.001" /><testcase classname="tests.test_stage3_q3_noise" name="test_degradation_uses_within_seed_method_clean_baseline" time="0.000" /><testcase classname="tests.test_stage3_test_evaluation" name="test_test_evaluator_refuses_missing_or_failed_gate" time="0.005" /><testcase classname="tests.test_stage3_test_evaluation" name="test_frozen_test_evaluation_is_finite_and_does_not_mutate_components" time="0.049" /><testcase classname="tests.test_stage3_test_evaluation" name="test_frozen_test_evaluation_rejects_duplicate_sample_ids" time="0.037" /><testcase classname="tests.test_training_resume" name="test_bp_epoch_resume_matches_uninterrupted_run_and_records_status" time="1.524" /><testcase classname="tests.test_training_resume" name="test_hebbian_layerwise_and_decoder_resume_matches_uninterrupted" time="1.635" /><testcase classname="tests.test_training_resume" name="test_output_filter_centered_hebbian_resume_matches_uninterrupted" time="1.610" /><testcase classname="tests.test_training_resume" name="test_decoder_optimizer_and_rng_resume_match_uninterrupted" time="1.860" /><testcase classname="tests.test_training_resume" name="test_resume_rejects_modified_config" time="0.679" /><testcase classname="tests.test_update_analysis" name="test_cosine_alignment_known_directions_and_zero_vector" time="0.002" /><testcase classname="tests.test_update_analysis" name="test_norm_ratio_and_raw_relative_difference" time="0.001" /><testcase classname="tests.test_update_analysis" name="test_scale_matching_removes_pure_scale_difference" time="0.001" /><testcase classname="tests.test_update_analysis" name="test_snr_constant_and_zero_updates_have_controlled_boundaries" time="0.001" /><testcase classname="tests.test_update_analysis" name="test_effective_delta_matches_apply_on_clone" time="0.001" /><testcase classname="tests.test_update_analysis" name="test_bp_raw_direction_does_not_mutate_model_or_populate_gradients" time="0.026" /><testcase classname="tests.test_update_analysis" name="test_fixed_batch_manifest_is_deterministic_unique_and_verified" time="0.029" /><testcase classname="tests.test_update_analysis" name="test_snapshot_integrity_gate_distinguishes_greedy_freezing" time="0.016" /><testcase classname="tests.test_update_analysis" name="test_q4_source_run_can_be_resolved_from_frozen_candidate_decision" time="0.022" /><testcase classname="tests.test_validation_tuning" name="test_formal_probe_defers_test_until_after_validation_selection" time="0.824" /><testcase classname="tests.test_validation_tuning" name="test_validation_only_probe_never_reads_or_records_test_split" time="0.739" /><testcase classname="tests.test_validation_tuning" name="test_tuning_manifest_has_balanced_eight_trial_budget_and_shared_main_shape" time="0.048" /></testsuite></testsuites>